[11:48:55] [ServerMain/INFO]: Environment: Environment[sessionHost=https://sessionserver.mojang.com, servicesHost=https://api.minecraftservices.com, name=PROD]
[11:49:00] [ServerMain/INFO]: Loaded 1290 recipes
[11:49:01] [ServerMain/INFO]: Loaded 1399 advancements
[11:49:02] [Server thread/INFO]: Starting minecraft server version 1.21.1
[11:49:02] [Server thread/INFO]: Loading properties
[11:49:02] [Server thread/INFO]: Default game type: SURVIVAL
[11:49:02] [Server thread/INFO]: Generating keypair
[11:49:02] [Server thread/INFO]: Starting Minecraft server on *:25565
[11:49:03] [Server thread/INFO]: Using epoll channel type
[11:49:03] [Server thread/WARN]: Failed to find a usable hardware address from the network interfaces; using random bytes: 93:08:1e:2c:fb:ab:43:d7
[11:49:03] [Server thread/WARN]: **** SERVER IS RUNNING IN OFFLINE/INSECURE MODE!
[11:49:03] [Server thread/WARN]: The server will make no attempt to authenticate usernames. Beware.
[11:49:03] [Server thread/WARN]: While this makes the game possible to play without internet access, it also opens up the ability for hackers to connect with any username they choose.
[11:49:03] [Server thread/WARN]: To change this, set "online-mode" to "true" in the server.properties file.
[11:49:03] [Server thread/INFO]: Preparing level "world"
[11:49:07] [Server thread/INFO]: Preparing start region for dimension minecraft:overworld
[11:49:08] [Worker-Main-3/INFO]: Preparing spawn area: 0%
[11:49:08] [Worker-Main-3/INFO]: Preparing spawn area: 0%
[11:49:08] [Worker-Main-3/INFO]: Preparing spawn area: 0%
[11:49:09] [Server thread/INFO]: Time elapsed: 1445 ms
[11:49:09] [Server thread/INFO]: Done (5.985s)! For help, type "help"
[11:50:49] [Server thread/INFO]: zhr[/127.0.0.1:40254] logged in with entity id 27 at (944.2732864481193, 105.0, -101.8125921027316)
[11:50:49] [Server thread/INFO]: zhr joined the game
[11:51:25] [Server thread/INFO]: zhr lost connection: Disconnected
[11:51:25] [Server thread/INFO]: zhr left the game
[11:51:27] [Server thread/INFO]: zhr[/127.0.0.1:40280] logged in with entity id 344 at (991.5, 119.0, -93.5)
[11:51:27] [Server thread/INFO]: zhr joined the game
[11:52:11] [Server thread/INFO]: zhr has made the advancement [Not Today, Thank You]
[11:52:29] [Server thread/INFO]: zhr was shot by Skeleton
[11:54:39] [Server thread/WARN]: zhr moved too quickly! 9.84401861309675,0.0,2.2760557773438705
[11:54:39] [Server thread/WARN]: Can't keep up! Is the server overloaded? Running 3118ms or 62 ticks behind
[11:58:53] [Server thread/WARN]: Oak Boat (vehicle of zhr) moved too quickly! 10.37666038049565,0.0,0.5455958094993605
[11:58:53] [Server thread/WARN]: Oak Boat (vehicle of zhr) moved too quickly! 10.776337651376025,0.0,0.551029547572881
[11:58:53] [Server thread/WARN]: Oak Boat (vehicle of zhr) moved too quickly! 11.17604717729455,0.0,0.5559390864680438
[11:58:53] [Server thread/WARN]: Oak Boat (vehicle of zhr) moved too quickly! 11.575785643339714,0.0,0.5604420402397636
[11:58:53] [Server thread/WARN]: Oak Boat (vehicle of zhr) moved too quickly! 11.975549987860177,0.0,0.564636591443815
[11:58:53] [Server thread/WARN]: Oak Boat (vehicle of zhr) moved too quickly! 12.37533739203991,0.0,0.5686072691844686
[11:58:53] [Server thread/WARN]: Oak Boat (vehicle of zhr) moved too quickly! 12.775145292867364,0.0,0.5724224795427233
[11:58:53] [Server thread/WARN]: Can't keep up! Is the server overloaded? Running 2866ms or 57 ticks behind
[11:58:53] [Server thread/WARN]: Oak Boat (vehicle of zhr) moved too quickly! 10.396313385647318,0.0,0.11439696748570327
[11:58:53] [Server thread/WARN]: Oak Boat (vehicle of zhr) moved too quickly! 10.796255458546057,0.0,0.11970335156030387
[11:58:53] [Server thread/WARN]: Oak Boat (vehicle of zhr) moved too quickly! 11.196198429870037,0.0,0.12510033431092893
[11:58:53] [Server thread/WARN]: Oak Boat (vehicle of zhr) moved too quickly! 11.596142090567355,0.0,0.13058652484355093
[11:58:53] [Server thread/WARN]: Oak Boat (vehicle of zhr) moved too quickly! 11.99608630837065,0.0,0.1361568368657231
[11:58:53] [Server thread/WARN]: Oak Boat (vehicle of zhr) moved too quickly! 12.396030967964634,0.0,0.14180669271434
[12:09:46] [Server thread/INFO]: zhr has made the advancement [Suit Up]
[13:06:33] [Server thread/WARN]: Mismatch in destroy block pos: jd{x=1963, y=69, z=224} jd{x=1961, y=67, z=224}
[13:07:11] [Server thread/INFO]: zhr was slain by Iron Golem
[13:11:28] [Server thread/INFO]: zhr has made the advancement [A Seedy Place]
[13:40:29] [Server thread/INFO]: zhr lost connection: Disconnected
[13:40:29] [Server thread/INFO]: zhr left the game
[13:41:16] [Server thread/INFO]: Stopping the server
[13:41:16] [Server thread/INFO]: Stopping server
[13:41:16] [Server thread/INFO]: Saving players
[13:41:16] [Server thread/INFO]: Saving worlds
[13:41:16] [Server thread/INFO]: Saving chunks for level 'ServerLevel[world]'/minecraft:overworld
[13:41:16] [Server thread/INFO]: Saving chunks for level 'ServerLevel[world]'/minecraft:the_end
[13:41:16] [Server thread/INFO]: Saving chunks for level 'ServerLevel[world]'/minecraft:the_nether
[13:41:16] [Server thread/INFO]: ThreadedAnvilChunkStorage (world): All chunks are saved
[13:41:16] [Server thread/INFO]: ThreadedAnvilChunkStorage (DIM1): All chunks are saved
[13:41:16] [Server thread/INFO]: ThreadedAnvilChunkStorage (DIM-1): All chunks are saved
[13:41:16] [Server thread/INFO]: ThreadedAnvilChunkStorage: All dimensions are saved
